<?xml version="1.0" encoding="UTF-8"?>
<testng-results skipped="0" failed="0" ignored="1" total="3" passed="2">
  <reporter-output>
    <line>
      <![CDATA[FrontPage Title:IMC Learning Suite - Front page]]>
    </line>
    <line>
      <![CDATA[Acual PanelName:#TD #Classifications Panel]]>
    </line>
    <line>
      <![CDATA[expected PanelName:#TD #Classifications Panel]]>
    </line>
    <line>
      <![CDATA[Catalogue COntent is loaded]]>
    </line>
    <line>
      <![CDATA[Dashboard breadcrumb is not visible as chrome is in control of automation tool/bot]]>
    </line>
    <line>
      <![CDATA[Acual PanelName:#TD #Classifications Panel]]>
    </line>
    <line>
      <![CDATA[expected PanelName:#TD #Classifications Panel]]>
    </line>
    <line>
      <![CDATA[1 result filtered by: is displayed ]]>
    </line>
    <line>
      <![CDATA[Unfiltered
             1721 Results
          is displayed ]]>
    </line>
    <line>
      <![CDATA[Dashboard breadcrumb is not visible as chrome is in control of automation tool/bot]]>
    </line>
    <line>
      <![CDATA[ Classsification cards are displayed:true]]>
    </line>
    <line>
      <![CDATA[40 Results filtered by: is displayed ]]>
    </line>
    <line>
      <![CDATA[Title of last displayed tileIntroduction to MS Office Q1 2013]]>
    </line>
    <line>
      <![CDATA[10 more results are displayed ]]>
    </line>
    <line>
      <![CDATA[Warning of time conflicts is Checkedand its boolean value is:false]]>
    </line>
    <line>
      <![CDATA[Templates are Displayed ]]>
    </line>
    <line>
      <![CDATA[6 Results is displayed ]]>
    </line>
    <line>
      <![CDATA[Warning of time conflicts is Checkedand its boolean value is:false]]>
    </line>
    <line>
      <![CDATA[6 Results is displayed ]]>
    </line>
    <line>
      <![CDATA[PassCount:2]]>
    </line>
    <line>
      <![CDATA[failCount:0]]>
    </line>
  </reporter-output>
  <suite name="Suite" duration-ms="114524" started-at="2024-01-17T14:26:13Z" finished-at="2024-01-17T14:28:07Z">
    <groups>
    </groups>
    <test name="Test" duration-ms="114524" started-at="2024-01-17T14:26:13Z" finished-at="2024-01-17T14:28:07Z">
      <class name="script.LMSILS46752">
        <test-method status="PASS" signature="openApp()[pri:0, instance:script.LMSILS46752@29774679]" name="openApp" is-config="true" duration-ms="7342" started-at="2024-01-17T14:26:13Z" finished-at="2024-01-17T14:26:20Z">
          <reporter-output>
          </reporter-output>
        </test-method> <!-- openApp -->
        <test-method status="PASS" signature="LMSILS46752test()[pri:1, instance:script.LMSILS46752@29774679]" name="LMSILS46752test" duration-ms="23339" started-at="2024-01-17T14:26:20Z" finished-at="2024-01-17T14:26:44Z">
          <reporter-output>
            <line>
              <![CDATA[FrontPage Title:IMC Learning Suite - Front page]]>
            </line>
            <line>
              <![CDATA[Acual PanelName:#TD #Classifications Panel]]>
            </line>
            <line>
              <![CDATA[expected PanelName:#TD #Classifications Panel]]>
            </line>
            <line>
              <![CDATA[Catalogue COntent is loaded]]>
            </line>
            <line>
              <![CDATA[Dashboard breadcrumb is not visible as chrome is in control of automation tool/bot]]>
            </line>
            <line>
              <![CDATA[Acual PanelName:#TD #Classifications Panel]]>
            </line>
            <line>
              <![CDATA[expected PanelName:#TD #Classifications Panel]]>
            </line>
            <line>
              <![CDATA[1 result filtered by: is displayed ]]>
            </line>
            <line>
              <![CDATA[Unfiltered
             1721 Results
          is displayed ]]>
            </line>
            <line>
              <![CDATA[Dashboard breadcrumb is not visible as chrome is in control of automation tool/bot]]>
            </line>
            <line>
              <![CDATA[ Classsification cards are displayed:true]]>
            </line>
            <line>
              <![CDATA[40 Results filtered by: is displayed ]]>
            </line>
            <line>
              <![CDATA[Title of last displayed tileIntroduction to MS Office Q1 2013]]>
            </line>
            <line>
              <![CDATA[10 more results are displayed ]]>
            </line>
          </reporter-output>
        </test-method> <!-- LMSILS46752test -->
        <test-method status="PASS" signature="closeApp(org.testng.ITestResult)[pri:0, instance:script.LMSILS46752@29774679]" name="closeApp" is-config="true" duration-ms="14" started-at="2024-01-17T14:26:44Z" finished-at="2024-01-17T14:26:44Z">
          <params>
            <param index="0">
              <value>
                <![CDATA[[TestResult name=LMSILS46752test status=SUCCESS method=LMSILS46752.LMSILS46752test()[pri:1, instance:script.LMSILS46752@29774679] output=FrontPage Title:IMC Learning Suite - Front page]]]>
              </value>
            </param>
          </params>
          <reporter-output>
          </reporter-output>
        </test-method> <!-- closeApp -->
        <test-method status="PASS" signature="print()[pri:0, instance:script.LMSILS46752@29774679]" name="print" is-config="true" duration-ms="540" started-at="2024-01-17T14:28:08Z" finished-at="2024-01-17T14:28:08Z">
          <reporter-output>
            <line>
              <![CDATA[PassCount:2]]>
            </line>
            <line>
              <![CDATA[failCount:0]]>
            </line>
          </reporter-output>
        </test-method> <!-- print -->
      </class> <!-- script.LMSILS46752 -->
      <class name="script.LMSILS44824">
        <test-method status="PASS" signature="openApp()[pri:0, instance:script.LMSILS44824@3ffc5af1]" name="openApp" is-config="true" duration-ms="7731" started-at="2024-01-17T14:26:44Z" finished-at="2024-01-17T14:26:51Z">
          <reporter-output>
          </reporter-output>
        </test-method> <!-- openApp -->
        <test-method status="PASS" signature="LMSILS46752test()[pri:1, instance:script.LMSILS44824@3ffc5af1]" name="LMSILS46752test" duration-ms="76070" started-at="2024-01-17T14:26:51Z" finished-at="2024-01-17T14:28:07Z">
          <reporter-output>
            <line>
              <![CDATA[Warning of time conflicts is Checkedand its boolean value is:false]]>
            </line>
            <line>
              <![CDATA[Templates are Displayed ]]>
            </line>
            <line>
              <![CDATA[6 Results is displayed ]]>
            </line>
            <line>
              <![CDATA[Warning of time conflicts is Checkedand its boolean value is:false]]>
            </line>
            <line>
              <![CDATA[6 Results is displayed ]]>
            </line>
          </reporter-output>
        </test-method> <!-- LMSILS46752test -->
        <test-method status="PASS" signature="closeApp(org.testng.ITestResult)[pri:0, instance:script.LMSILS44824@3ffc5af1]" name="closeApp" is-config="true" duration-ms="0" started-at="2024-01-17T14:28:07Z" finished-at="2024-01-17T14:28:07Z">
          <params>
            <param index="0">
              <value>
                <![CDATA[[TestResult name=LMSILS46752test status=SUCCESS method=LMSILS44824.LMSILS46752test()[pri:1, instance:script.LMSILS44824@3ffc5af1] output=Warning of time conflicts is Checkedand its boolean value is:false]]]>
              </value>
            </param>
          </params>
          <reporter-output>
          </reporter-output>
        </test-method> <!-- closeApp -->
      </class> <!-- script.LMSILS44824 -->
    </test> <!-- Test -->
  </suite> <!-- Suite -->
</testng-results>
