<?xml version="1.0" encoding="UTF-8"?>
<!-- Generated by org.testng.reporters.JUnitXMLReporter -->
<testsuite hostname="Asmin-PC" ignored="1" name="Test" tests="2" failures="0" timestamp="17 Jan 2024 14:28:08 GMT" time="114.524" errors="0">
  <testcase name="LMSILS46752test" time="23.339" classname="script.LMSILS46752"/>
  <testcase name="LMSILS46752test" time="76.07" classname="script.LMSILS44824"/>
  <testcase name="@AfterSuite print" time="0.0" classname="generic.BaseTest">
    <ignored/>
  </testcase> <!-- @AfterSuite print -->
</testsuite> <!-- Test -->
